{
  "meta": {
    "version": "6.1.2",
    "timestamp": "2022-03-02T11:25:32.863574",
    "branch_coverage": true,
    "show_contexts": false
  },
  "files": {
    "trade_remedies_api/api_test/apps.py": {
      "executed_lines": [
        1,
        4,
        5
      ],
      "summary": {
        "covered_lines": 3,
        "num_statements": 3,
        "percent_covered": 100.0,
        "percent_covered_display": "100",
        "missing_lines": 0,
        "excluded_lines": 0,
        "num_branches": 0,
        "num_partial_branches": 0,
        "covered_branches": 0,
        "missing_branches": 0
      },
      "missing_lines": [],
      "excluded_lines": []
    },
    "trade_remedies_api/api_test/serializers.py": {
      "executed_lines": [
        1,
        3,
        4,
        6,
        12,
        18,
        20,
        25,
        27,
        28,
        31,
        32,
        33,
        34,
        37,
        41,
        54,
        57,
        58,
        60,
        61,
        62,
        64,
        65,
        66,
        69,
        70,
        71,
        72,
        74,
        86,
        88,
        89,
        90,
        92,
        93,
        94,
        95,
        96,
        97,
        98,
        99,
        101,
        103,
        110,
        113,
        114,
        115,
        118,
        119,
        120
      ],
      "summary": {
        "covered_lines": 51,
        "num_statements": 51,
        "percent_covered": 98.11320754716981,
        "percent_covered_display": "98",
        "missing_lines": 0,
        "excluded_lines": 0,
        "num_branches": 2,
        "num_partial_branches": 1,
        "covered_branches": 1,
        "missing_branches": 1
      },
      "missing_lines": [],
      "excluded_lines": []
    },
    "trade_remedies_api/api_test/urls.py": {
      "executed_lines": [
        1,
        3,
        13,
        15
      ],
      "summary": {
        "covered_lines": 4,
        "num_statements": 4,
        "percent_covered": 100.0,
        "percent_covered_display": "100",
        "missing_lines": 0,
        "excluded_lines": 0,
        "num_branches": 0,
        "num_partial_branches": 0,
        "covered_branches": 0,
        "missing_branches": 0
      },
      "missing_lines": [],
      "excluded_lines": []
    },
    "trade_remedies_api/api_test/views.py": {
      "executed_lines": [
        1,
        3,
        4,
        5,
        6,
        8,
        10,
        12,
        14,
        21,
        24,
        25,
        26,
        27,
        29,
        30,
        31,
        33,
        35,
        36,
        38,
        39,
        41,
        42,
        43,
        54,
        55,
        56,
        57,
        63,
        69,
        85,
        86,
        87,
        88,
        94,
        111,
        112,
        113,
        114,
        120,
        125,
        140,
        141,
        142,
        143,
        149,
        150,
        151,
        155,
        156,
        157,
        158,
        169,
        170,
        171,
        172,
        178,
        183,
        198,
        199,
        200,
        201
      ],
      "summary": {
        "covered_lines": 63,
        "num_statements": 117,
        "percent_covered": 55.172413793103445,
        "percent_covered_display": "55",
        "missing_lines": 54,
        "excluded_lines": 0,
        "num_branches": 28,
        "num_partial_branches": 3,
        "covered_branches": 17,
        "missing_branches": 11
      },
      "missing_lines": [
        48,
        58,
        59,
        60,
        61,
        65,
        66,
        67,
        70,
        71,
        72,
        73,
        74,
        79,
        90,
        91,
        92,
        96,
        98,
        99,
        100,
        105,
        115,
        116,
        117,
        118,
        121,
        122,
        123,
        126,
        127,
        128,
        129,
        134,
        145,
        146,
        147,
        153,
        163,
        173,
        174,
        175,
        176,
        179,
        180,
        181,
        184,
        185,
        186,
        187,
        192,
        202,
        203,
        204
      ],
      "excluded_lines": []
    },
    "trade_remedies_api/audit/admin.py": {
      "executed_lines": [
        1,
        2,
        5,
        6,
        7,
        8,
        11
      ],
      "summary": {
        "covered_lines": 7,
        "num_statements": 7,
        "percent_covered": 100.0,
        "percent_covered_display": "100",
        "missing_lines": 0,
        "excluded_lines": 0,
        "num_branches": 0,
        "num_partial_branches": 0,
        "covered_branches": 0,
        "missing_branches": 0
      },
      "missing_lines": [],
      "excluded_lines": []
    },
    "trade_remedies_api/audit/apps.py": {
      "executed_lines": [
        1,
        4,
        5
      ],
      "summary": {
        "covered_lines": 3,
        "num_statements": 3,
        "percent_covered": 100.0,
        "percent_covered_display": "100",
        "missing_lines": 0,
        "excluded_lines": 0,
        "num_branches": 0,
        "num_partial_branches": 0,
        "covered_branches": 0,
        "missing_branches": 0
      },
      "missing_lines": [],
      "excluded_lines": []
    },
    "trade_remedies_api/audit/dirtyfields.py": {
      "executed_lines": [],
      "summary": {
        "covered_lines": 0,
        "num_statements": 41,
        "percent_covered": 0.0,
        "percent_covered_display": "0",
        "missing_lines": 41,
        "excluded_lines": 0,
        "num_branches": 20,
        "num_partial_branches": 0,
        "covered_branches": 0,
        "missing_branches": 20
      },
      "missing_lines": [
        2,
        3,
        6,
        7,
        8,
        9,
        14,
        16,
        17,
        18,
        19,
        20,
        21,
        22,
        23,
        24,
        25,
        26,
        27,
        28,
        29,
        30,
        31,
        33,
        34,
        35,
        37,
        39,
        42,
        43,
        45,
        46,
        47,
        48,
        50,
        52,
        55,
        56,
        57,
        60,
        63
      ],
      "excluded_lines": []
    },
    "trade_remedies_api/audit/management/commands/patch_audit.py": {
      "executed_lines": [
        1,
        3,
        5,
        7,
        10,
        11,
        16,
        23,
        24,
        25,
        26,
        27,
        28,
        29,
        30,
        31,
        32,
        33
      ],
      "summary": {
        "covered_lines": 18,
        "num_statements": 18,
        "percent_covered": 95.45454545454545,
        "percent_covered_display": "95",
        "missing_lines": 0,
        "excluded_lines": 0,
        "num_branches": 4,
        "num_partial_branches": 1,
        "covered_branches": 3,
        "missing_branches": 1
      },
      "missing_lines": [],
      "excluded_lines": []
    },
    "trade_remedies_api/audit/mixins.py": {
      "executed_lines": [
        1,
        2,
        4,
        5,
        6,
        8,
        11,
        12,
        13,
        14,
        19,
        25,
        26,
        27,
        28,
        29,
        30,
        31,
        33,
        34,
        35,
        37,
        55,
        56,
        57,
        58,
        59,
        60,
        61,
        63,
        69,
        70,
        71,
        73,
        75,
        77,
        78,
        79,
        81,
        82,
        83,
        84,
        85,
        86,
        87,
        88,
        89,
        90,
        92,
        93,
        94,
        95,
        96,
        97,
        98,
        99,
        101,
        102,
        115,
        116,
        124,
        126,
        127,
        128,
        129,
        130,
        131,
        132,
        134,
        136,
        137,
        138,
        140
      ],
      "summary": {
        "covered_lines": 73,
        "num_statements": 90,
        "percent_covered": 79.85074626865672,
        "percent_covered_display": "80",
        "missing_lines": 17,
        "excluded_lines": 0,
        "num_branches": 44,
        "num_partial_branches": 10,
        "covered_branches": 34,
        "missing_branches": 10
      },
      "missing_lines": [
        32,
        72,
        74,
        76,
        80,
        110,
        111,
        112,
        113,
        125,
        133,
        135,
        141,
        142,
        143,
        144,
        145
      ],
      "excluded_lines": []
    },
    "trade_remedies_api/audit/models.py": {
      "executed_lines": [
        1,
        2,
        3,
        4,
        5,
        6,
        7,
        8,
        9,
        10,
        26,
        27,
        31,
        32,
        36,
        37,
        41,
        42,
        46,
        47,
        55,
        70,
        71,
        72,
        73,
        81,
        89,
        90,
        91,
        92,
        93,
        94,
        96,
        97,
        98,
        99,
        100,
        101,
        103,
        105,
        118,
        119,
        120,
        122,
        123,
        124,
        125,
        127,
        133,
        134,
        135,
        137,
        141,
        142,
        145,
        146,
        148,
        149,
        167,
        168,
        174,
        188,
        194,
        195,
        211,
        218,
        219,
        220,
        221,
        223,
        224,
        225,
        226,
        228,
        231,
        234,
        235,
        236,
        237,
        238,
        239,
        240,
        241,
        243,
        244,
        245,
        247,
        248,
        249,
        250,
        254,
        259,
        260,
        262,
        263,
        264,
        265,
        266,
        269,
        271,
        272,
        274,
        276,
        277,
        284,
        285,
        286,
        287,
        293
      ],
      "summary": {
        "covered_lines": 108,
        "num_statements": 136,
        "percent_covered": 76.16279069767442,
        "percent_covered_display": "76",
        "missing_lines": 28,
        "excluded_lines": 0,
        "num_branches": 36,
        "num_partial_branches": 7,
        "covered_branches": 23,
        "missing_branches": 13
      },
      "missing_lines": [
        28,
        33,
        38,
        43,
        106,
        107,
        108,
        109,
        113,
        143,
        227,
        229,
        246,
        251,
        252,
        255,
        256,
        257,
        267,
        268,
        273,
        278,
        279,
        280,
        281,
        282,
        288,
        289
      ],
      "excluded_lines": []
    },
    "trade_remedies_api/audit/services/api.py": {
      "executed_lines": [
        1,
        2,
        3,
        4,
        5,
        6,
        7,
        8,
        9,
        12,
        15,
        16,
        21,
        55,
        56,
        58,
        59,
        82,
        83,
        89,
        90,
        106
      ],
      "summary": {
        "covered_lines": 19,
        "num_statements": 49,
        "percent_covered": 33.333333333333336,
        "percent_covered_display": "33",
        "missing_lines": 30,
        "excluded_lines": 0,
        "num_branches": 8,
        "num_partial_branches": 0,
        "covered_branches": 0,
        "missing_branches": 8
      },
      "missing_lines": [
        34,
        35,
        36,
        37,
        38,
        40,
        41,
        42,
        43,
        44,
        45,
        46,
        49,
        52,
        70,
        71,
        72,
        75,
        76,
        77,
        78,
        79,
        101,
        102,
        103,
        104,
        118,
        119,
        120,
        121
      ],
      "excluded_lines": []
    },
    "trade_remedies_api/audit/services/urls.py": {
      "executed_lines": [
        1,
        2,
        8
      ],
      "summary": {
        "covered_lines": 3,
        "num_statements": 3,
        "percent_covered": 100.0,
        "percent_covered_display": "100",
        "missing_lines": 0,
        "excluded_lines": 0,
        "num_branches": 0,
        "num_partial_branches": 0,
        "covered_branches": 0,
        "missing_branches": 0
      },
      "missing_lines": [],
      "excluded_lines": []
    },
    "trade_remedies_api/audit/tasks.py": {
      "executed_lines": [
        1,
        3,
        4,
        5,
        6,
        7,
        9,
        12,
        13,
        17,
        18,
        19,
        24,
        25
      ],
      "summary": {
        "covered_lines": 14,
        "num_statements": 31,
        "percent_covered": 37.83783783783784,
        "percent_covered_display": "38",
        "missing_lines": 17,
        "excluded_lines": 0,
        "num_branches": 6,
        "num_partial_branches": 0,
        "covered_branches": 0,
        "missing_branches": 6
      },
      "missing_lines": [
        20,
        21,
        63,
        75,
        76,
        77,
        78,
        79,
        80,
        81,
        82,
        83,
        84,
        89,
        90,
        91,
        104
      ],
      "excluded_lines": []
    },
    "trade_remedies_api/audit/utils.py": {
      "executed_lines": [
        1,
        2,
        3,
        4,
        5,
        6,
        9,
        17,
        29,
        30,
        31,
        32,
        33,
        34,
        35,
        36,
        37,
        38,
        40,
        43,
        57,
        67,
        68,
        73
      ],
      "summary": {
        "covered_lines": 24,
        "num_statements": 40,
        "percent_covered": 55.172413793103445,
        "percent_covered_display": "55",
        "missing_lines": 16,
        "excluded_lines": 0,
        "num_branches": 18,
        "num_partial_branches": 2,
        "covered_branches": 8,
        "missing_branches": 10
      },
      "missing_lines": [
        70,
        74,
        77,
        78,
        79,
        80,
        81,
        82,
        83,
        84,
        85,
        86,
        88,
        89,
        90,
        91
      ],
      "excluded_lines": []
    },
    "trade_remedies_api/audit/views.py": {
      "executed_lines": [],
      "summary": {
        "covered_lines": 0,
        "num_statements": 0,
        "percent_covered": 100.0,
        "percent_covered_display": "100",
        "missing_lines": 0,
        "excluded_lines": 0,
        "num_branches": 0,
        "num_partial_branches": 0,
        "covered_branches": 0,
        "missing_branches": 0
      },
      "missing_lines": [],
      "excluded_lines": []
    },
    "trade_remedies_api/auth/app.py": {
      "executed_lines": [],
      "summary": {
        "covered_lines": 0,
        "num_statements": 5,
        "percent_covered": 0.0,
        "percent_covered_display": "0",
        "missing_lines": 5,
        "excluded_lines": 0,
        "num_branches": 0,
        "num_partial_branches": 0,
        "covered_branches": 0,
        "missing_branches": 0
      },
      "missing_lines": [
        5,
        8,
        9,
        10,
        11
      ],
      "excluded_lines": []
    },
    "trade_remedies_api/auth/serializers.py": {
      "executed_lines": [],
      "summary": {
        "covered_lines": 0,
        "num_statements": 0,
        "percent_covered": 100.0,
        "percent_covered_display": "100",
        "missing_lines": 0,
        "excluded_lines": 0,
        "num_branches": 0,
        "num_partial_branches": 0,
        "covered_branches": 0,
        "missing_branches": 0
      },
      "missing_lines": [],
      "excluded_lines": []
    },
    "trade_remedies_api/auth/views.py": {
      "executed_lines": [],
      "summary": {
        "covered_lines": 0,
        "num_statements": 0,
        "percent_covered": 100.0,
        "percent_covered_display": "100",
        "missing_lines": 0,
        "excluded_lines": 0,
        "num_branches": 0,
        "num_partial_branches": 0,
        "covered_branches": 0,
        "missing_branches": 0
      },
      "missing_lines": [],
      "excluded_lines": []
    },
    "trade_remedies_api/authentication/admin.py": {
      "executed_lines": [
        1,
        2,
        5,
        6,
        7,
        10,
        11,
        14,
        17,
        18,
        23,
        24,
        25
      ],
      "summary": {
        "covered_lines": 13,
        "num_statements": 13,
        "percent_covered": 100.0,
        "percent_covered_display": "100",
        "missing_lines": 0,
        "excluded_lines": 0,
        "num_branches": 0,
        "num_partial_branches": 0,
        "covered_branches": 0,
        "missing_branches": 0
      },
      "missing_lines": [],
      "excluded_lines": []
    },
    "trade_remedies_api/authentication/apps.py": {
      "executed_lines": [
        1,
        5,
        8,
        9,
        10,
        11
      ],
      "summary": {
        "covered_lines": 5,
        "num_statements": 5,
        "percent_covered": 100.0,
        "percent_covered_display": "100",
        "missing_lines": 0,
        "excluded_lines": 0,
        "num_branches": 0,
        "num_partial_branches": 0,
        "covered_branches": 0,
        "missing_branches": 0
      },
      "missing_lines": [],
      "excluded_lines": []
    },
    "trade_remedies_api/authentication/models/email_verification.py": {
      "executed_lines": [
        1,
        3,
        4,
        5,
        6,
        8,
        10,
        13,
        14,
        19,
        25,
        26,
        27,
        29,
        47,
        56,
        57
      ],
      "summary": {
        "covered_lines": 16,
        "num_statements": 30,
        "percent_covered": 47.05882352941177,
        "percent_covered_display": "47",
        "missing_lines": 14,
        "excluded_lines": 0,
        "num_branches": 4,
        "num_partial_branches": 0,
        "covered_branches": 0,
        "missing_branches": 4
      },
      "missing_lines": [
        31,
        32,
        33,
        43,
        44,
        45,
        49,
        50,
        51,
        52,
        53,
        62,
        63,
        64
      ],
      "excluded_lines": []
    },
    "trade_remedies_api/authentication/models/two_factor_auth.py": {
      "executed_lines": [
        1,
        2,
        3,
        4,
        6,
        7,
        8,
        11,
        14,
        15,
        18,
        26,
        27,
        36,
        39,
        40,
        45,
        46,
        47,
        51,
        57,
        58,
        59,
        60,
        61,
        62,
        63,
        65,
        68,
        82,
        83,
        97,
        98,
        124,
        132,
        139
      ],
      "summary": {
        "covered_lines": 35,
        "num_statements": 75,
        "percent_covered": 41.1764705882353,
        "percent_covered_display": "41",
        "missing_lines": 40,
        "excluded_lines": 0,
        "num_branches": 10,
        "num_partial_branches": 0,
        "covered_branches": 0,
        "missing_branches": 10
      },
      "missing_lines": [
        28,
        29,
        30,
        31,
        32,
        33,
        34,
        66,
        70,
        71,
        73,
        74,
        75,
        89,
        90,
        91,
        92,
        93,
        104,
        109,
        110,
        111,
        112,
        114,
        115,
        117,
        121,
        122,
        126,
        127,
        128,
        129,
        130,
        134,
        135,
        136,
        137,
        141,
        142,
        145
      ],
      "excluded_lines": []
    },
    "trade_remedies_api/authentication/models/user.py": {
      "executed_lines": [
        1,
        3,
        4,
        5,
        6,
        7,
        9,
        11,
        14,
        15,
        20,
        21,
        28,
        35,
        36,
        50,
        51,
        62,
        63,
        71,
        72,
        73,
        74,
        75,
        76,
        77,
        78,
        79,
        83,
        86,
        93,
        95,
        96,
        98,
        102,
        103,
        106,
        107
      ],
      "summary": {
        "covered_lines": 36,
        "num_statements": 53,
        "percent_covered": 65.45454545454545,
        "percent_covered_display": "65",
        "missing_lines": 17,
        "excluded_lines": 0,
        "num_branches": 2,
        "num_partial_branches": 0,
        "covered_branches": 0,
        "missing_branches": 2
      },
      "missing_lines": [
        26,
        33,
        41,
        42,
        43,
        44,
        45,
        46,
        47,
        48,
        56,
        57,
        58,
        59,
        100,
        104,
        108
      ],
      "excluded_lines": []
    },
    "trade_remedies_api/authentication/serializers.py": {
      "executed_lines": [
        1,
        2,
        3,
        4,
        5,
        7,
        9,
        10,
        13,
        14,
        19,
        22,
        23,
        29,
        32,
        33,
        38,
        43,
        44,
        51,
        52,
        59,
        60,
        66,
        68,
        69,
        78,
        85,
        86,
        92,
        97,
        117,
        118,
        124,
        129,
        137,
        138,
        140,
        141,
        142
      ],
      "summary": {
        "covered_lines": 32,
        "num_statements": 62,
        "percent_covered": 47.05882352941177,
        "percent_covered_display": "47",
        "missing_lines": 30,
        "excluded_lines": 0,
        "num_branches": 6,
        "num_partial_branches": 0,
        "covered_branches": 0,
        "missing_branches": 6
      },
      "missing_lines": [
        45,
        46,
        47,
        48,
        71,
        72,
        73,
        74,
        75,
        76,
        80,
        81,
        82,
        99,
        100,
        101,
        102,
        103,
        104,
        105,
        106,
        111,
        112,
        113,
        114,
        130,
        131,
        132,
        133,
        134
      ],
      "excluded_lines": []
    },
    "trade_remedies_api/authentication/urls.py": {
      "executed_lines": [
        1,
        2,
        3,
        5,
        15,
        24,
        25
      ],
      "summary": {
        "covered_lines": 6,
        "num_statements": 6,
        "percent_covered": 100.0,
        "percent_covered_display": "100",
        "missing_lines": 0,
        "excluded_lines": 0,
        "num_branches": 0,
        "num_partial_branches": 0,
        "covered_branches": 0,
        "missing_branches": 0
      },
      "missing_lines": [],
      "excluded_lines": []
    },
    "trade_remedies_api/authentication/views.py": {
      "executed_lines": [
        1,
        2,
        3,
        4,
        5,
        6,
        7,
        9,
        10,
        19,
        20,
        25,
        28,
        29,
        41,
        43,
        63,
        64,
        70,
        72,
        73,
        86,
        87,
        93,
        95,
        96,
        110,
        111,
        118,
        120,
        121,
        127,
        128,
        135,
        136,
        143,
        144,
        149,
        150,
        159,
        160,
        165,
        166,
        167
      ],
      "summary": {
        "covered_lines": 35,
        "num_statements": 68,
        "percent_covered": 50.0,
        "percent_covered_display": "50",
        "missing_lines": 33,
        "excluded_lines": 0,
        "num_branches": 2,
        "num_partial_branches": 0,
        "covered_branches": 0,
        "missing_branches": 2
      },
      "missing_lines": [
        44,
        45,
        46,
        47,
        48,
        49,
        50,
        51,
        52,
        54,
        55,
        74,
        75,
        76,
        77,
        78,
        79,
        97,
        98,
        99,
        100,
        101,
        102,
        103,
        122,
        123,
        124,
        137,
        138,
        139,
        140,
        151,
        152
      ],
      "excluded_lines": []
    },
    "trade_remedies_api/cases/admin.py": {
      "executed_lines": [
        1,
        2,
        3,
        17,
        18,
        21,
        22,
        25,
        26,
        27,
        28,
        31,
        32,
        35,
        36,
        39,
        40,
        43,
        44,
        47,
        48,
        51,
        52,
        53,
        56,
        57,
        60,
        61,
        62,
        63,
        66,
        67,
        70,
        71,
        72,
        73,
        74,
        75,
        76,
        77,
        78
      ],
      "summary": {
        "covered_lines": 41,
        "num_statements": 41,
        "percent_covered": 100.0,
        "percent_covered_display": "100",
        "missing_lines": 0,
        "excluded_lines": 0,
        "num_branches": 0,
        "num_partial_branches": 0,
        "covered_branches": 0,
        "missing_branches": 0
      },
      "missing_lines": [],
      "excluded_lines": []
    },
    "trade_remedies_api/cases/apps.py": {
      "executed_lines": [
        1,
        4,
        5,
        7,
        8
      ],
      "summary": {
        "covered_lines": 5,
        "num_statements": 5,
        "percent_covered": 100.0,
        "percent_covered_display": "100",
        "missing_lines": 0,
        "excluded_lines": 0,
        "num_branches": 0,
        "num_partial_branches": 0,
        "covered_branches": 0,
        "missing_branches": 0
      },
      "missing_lines": [],
      "excluded_lines": []
    },
    "trade_remedies_api/cases/constants.py": {
      "executed_lines": [
        1,
        2,
        3,
        5,
        6,
        9,
        10,
        11,
        12,
        13,
        14,
        15,
        16,
        19,
        30,
        31,
        32,
        33,
        37,
        38,
        39,
        40,
        41,
        42,
        43,
        44,
        45,
        46,
        47,
        48,
        49,
        50,
        51,
        52,
        53,
        54,
        55,
        56,
        57,
        58,
        59,
        60,
        61,
        62,
        63,
        64,
        65,
        66,
        67,
        68,
        69,
        70,
        71,
        72,
        73,
        74,
        75,
        77,
        82,
        93,
        94,
        97,
        98,
        100,
        105,
        106,
        107,
        109,
        110,
        113,
        114,
        115,
        116,
        119,
        121,
        124
      ],
      "summary": {
        "covered_lines": 76,
        "num_statements": 76,
        "percent_covered": 100.0,
        "percent_covered_display": "100",
        "missing_lines": 0,
        "excluded_lines": 0,
        "num_branches": 0,
        "num_partial_branches": 0,
        "covered_branches": 0,
        "missing_branches": 0
      },
      "missing_lines": [],
      "excluded_lines": []
    },
    "trade_remedies_api/cases/exceptions.py": {
      "executed_lines": [],
      "summary": {
        "covered_lines": 0,
        "num_statements": 2,
        "percent_covered": 0.0,
        "percent_covered_display": "0",
        "missing_lines": 2,
        "excluded_lines": 0,
        "num_branches": 0,
        "num_partial_branches": 0,
        "covered_branches": 0,
        "missing_branches": 0
      },
      "missing_lines": [
        1,
        2
      ],
      "excluded_lines": []
    },
    "trade_remedies_api/cases/management/commands/process_timegate_actions.py": {
      "executed_lines": [],
      "summary": {
        "covered_lines": 0,
        "num_statements": 10,
        "percent_covered": 0.0,
        "percent_covered_display": "0",
        "missing_lines": 10,
        "excluded_lines": 0,
        "num_branches": 0,
        "num_partial_branches": 0,
        "covered_branches": 0,
        "missing_branches": 0
      },
      "missing_lines": [
        1,
        3,
        5,
        7,
        10,
        12,
        14,
        15,
        16,
        17
      ],
      "excluded_lines": []
    },
    "trade_remedies_api/cases/management/commands/reset_case_data.py": {
      "executed_lines": [],
      "summary": {
        "covered_lines": 0,
        "num_statements": 52,
        "percent_covered": 0.0,
        "percent_covered_display": "0",
        "missing_lines": 52,
        "excluded_lines": 0,
        "num_branches": 2,
        "num_partial_branches": 0,
        "covered_branches": 0,
        "missing_branches": 2
      },
      "missing_lines": [
        1,
        3,
        4,
        14,
        15,
        16,
        17,
        18,
        19,
        20,
        21,
        22,
        23,
        24,
        25,
        26,
        28,
        31,
        33,
        35,
        36,
        37,
        38,
        39,
        40,
        41,
        42,
        43,
        44,
        45,
        46,
        47,
        48,
        49,
        50,
        51,
        52,
        53,
        54,
        55,
        60,
        61,
        66,
        67,
        70,
        71,
        72,
        73,
        74,
        75,
        76,
        81
      ],
      "excluded_lines": []
    },
    "trade_remedies_api/cases/management/commands/reset_workflows.py": {
      "executed_lines": [],
      "summary": {
        "covered_lines": 0,
        "num_statements": 11,
        "percent_covered": 0.0,
        "percent_covered_display": "0",
        "missing_lines": 11,
        "excluded_lines": 0,
        "num_branches": 0,
        "num_partial_branches": 0,
        "covered_branches": 0,
        "missing_branches": 0
      },
      "missing_lines": [
        1,
        3,
        4,
        6,
        9,
        11,
        13,
        14,
        15,
        16,
        17
      ],
      "excluded_lines": []
    },
    "trade_remedies_api/cases/models/archive.py": {
      "executed_lines": [
        1,
        2,
        5,
        6,
        11,
        12,
        14,
        17,
        18
      ],
      "summary": {
        "covered_lines": 8,
        "num_statements": 10,
        "percent_covered": 80.0,
        "percent_covered_display": "80",
        "missing_lines": 2,
        "excluded_lines": 0,
        "num_branches": 0,
        "num_partial_branches": 0,
        "covered_branches": 0,
        "missing_branches": 0
      },
      "missing_lines": [
        15,
        19
      ],
      "excluded_lines": []
    },
    "trade_remedies_api/cases/models/case.py": {
      "executed_lines": [
        1,
        2,
        4,
        5,
        6,
        7,
        8,
        9,
        10,
        11,
        16,
        17,
        18,
        25,
        39,
        45,
        46,
        47,
        48,
        49,
        50,
        51,
        52,
        53,
        54,
        56,
        59,
        60,
        67,
        78,
        79,
        81,
        82,
        83,
        84,
        85,
        86,
        87,
        88,
        89,
        92,
        93,
        94,
        95,
        96,
        99,
        100,
        101,
        105,
        106,
        108,
        109,
        110,
        111,
        113,
        114,
        118,
        119,
        120,
        121,
        122,
        123,
        130,
        131,
        133,
        134,
        137,
        145,
        146,
        147,
        149,
        153,
        158,
        163,
        166,
        167,
        171,
        172,
        174,
        176,
        177,
        269,
        294,
        330,
        348,
        382,
        391,
        408,
        409,
        410,
        411,
        412,
        413,
        414,
        415,
        416,
        419,
        420,
        421,
        423,
        425,
        426,
        441,
        442,
        444,
        445,
        446,
        448,
        449,
        452,
        454,
        457,
        460,
        461,
        465,
        466,
        467,
        469,
        470,
        471,
        473,
        474,
        479,
        480,
        484,
        485,
        487,
        488,
        489,
        490,
        494,
        495,
        497,
        498,
        506,
        507,
        508,
        509,
        510,
        515,
        520,
        522,
        523,
        529,
        530,
        536,
        538,
        540,
        544,
        545,
        546,
        550,
        559,
        561,
        562,
        564,
        565,
        566,
        568,
        569,
        572,
        573,
        575,
        577,
        583,
        590,
        591,
        592,
        595,
        596,
        597,
        598,
        599,
        600,
        606,
        608,
        625,
        626,
        632,
        640,
        647,
        651,
        656,
        658,
        661,
        663,
        664,
        672,
        678,
        682,
        684,
        686,
        687,
        688,
        689,
        690,
        691,
        714,
        718,
        720,
        727,
        728,
        729,
        733,
        734,
        736,
        739,
        740,
        742,
        744,
        745,
        746,
        747,
        766,
        768,
        774,
        776,
        777,
        782,
        789,
        791,
        803,
        811,
        812,
        827,
        828,
        835,
        836,
        840,
        843,
        845,
        846,
        848,
        849,
        850,
        857,
        866,
        868,
        870,
        876,
        892,
        893,
        894,
        896,
        897,
        900,
        901,
        905,
        906,
        907,
        909,
        910,
        914,
        915,
        928,
        930,
        931,
        934,
        935,
        938,
        939,
        943,
        949,
        972,
        978,
        980,
        981,
        983,
        984,
        985,
        988,
        989,
        996,
        998,
        1000,
        1010,
        1017,
        1050,
        1051,
        1076,
        1090,
        1148,
        1176,
        1181,
        1182,
        1185,
        1186,
        1189,
        1190,
        1192,
        1213,
        1228,
        1236,
        1249,
        1252
      ],
      "summary": {
        "covered_lines": 294,
        "num_statements": 580,
        "percent_covered": 46.89119170984456,
        "percent_covered_display": "47",
        "missing_lines": 286,
        "excluded_lines": 0,
        "num_branches": 192,
        "num_partial_branches": 30,
        "covered_branches": 68,
        "missing_branches": 124
      },
      "missing_lines": [
        97,
        98,
        117,
        135,
        151,
        156,
        173,
        188,
        189,
        190,
        191,
        192,
        193,
        194,
        195,
        196,
        197,
        199,
        210,
        211,
        212,
        222,
        223,
        224,
        225,
        233,
        235,
        237,
        246,
        255,
        257,
        259,
        267,
        281,
        283,
        285,
        286,
        287,
        288,
        289,
        290,
        291,
        292,
        300,
        301,
        302,
        303,
        304,
        305,
        306,
        307,
        308,
        309,
        310,
        311,
        312,
        317,
        318,
        323,
        324,
        325,
        326,
        327,
        328,
        335,
        336,
        346,
        360,
        361,
        362,
        363,
        364,
        365,
        371,
        372,
        380,
        387,
        396,
        402,
        405,
        455,
        458,
        468,
        483,
        493,
        499,
        502,
        503,
        504,
        516,
        524,
        525,
        527,
        537,
        547,
        548,
        601,
        602,
        603,
        604,
        605,
        613,
        614,
        615,
        616,
        617,
        618,
        619,
        620,
        621,
        622,
        623,
        630,
        638,
        657,
        683,
        685,
        715,
        716,
        719,
        721,
        722,
        725,
        730,
        731,
        735,
        741,
        743,
        767,
        769,
        770,
        771,
        783,
        797,
        798,
        799,
        800,
        801,
        804,
        805,
        806,
        807,
        808,
        809,
        817,
        819,
        820,
        821,
        822,
        825,
        829,
        858,
        867,
        871,
        877,
        878,
        879,
        880,
        881,
        890,
        898,
        932,
        936,
        940,
        941,
        947,
        952,
        968,
        969,
        970,
        982,
        1004,
        1005,
        1006,
        1007,
        1008,
        1011,
        1012,
        1015,
        1024,
        1026,
        1027,
        1028,
        1030,
        1031,
        1032,
        1040,
        1041,
        1042,
        1048,
        1057,
        1058,
        1059,
        1060,
        1061,
        1062,
        1063,
        1072,
        1074,
        1077,
        1078,
        1079,
        1080,
        1081,
        1082,
        1083,
        1084,
        1085,
        1086,
        1087,
        1088,
        1093,
        1094,
        1096,
        1110,
        1111,
        1112,
        1113,
        1114,
        1115,
        1117,
        1118,
        1120,
        1126,
        1127,
        1129,
        1130,
        1131,
        1132,
        1133,
        1134,
        1135,
        1141,
        1149,
        1150,
        1151,
        1154,
        1155,
        1156,
        1158,
        1159,
        1160,
        1162,
        1163,
        1165,
        1168,
        1169,
        1171,
        1172,
        1173,
        1174,
        1188,
        1199,
        1200,
        1201,
        1202,
        1203,
        1204,
        1205,
        1206,
        1207,
        1208,
        1209,
        1210,
        1211,
        1218,
        1219,
        1220,
        1221,
        1222,
        1225,
        1226,
        1229,
        1230,
        1231,
        1234,
        1240,
        1241,
        1242,
        1243,
        1244,
        1245,
        1246,
        1247,
        1250,
        1253
      ],
      "excluded_lines": []
    },
    "trade_remedies_api/cases/models/casestage.py": {
      "executed_lines": [
        1,
        2,
        3,
        6,
        7,
        17,
        18,
        19,
        20,
        21,
        22,
        23,
        24,
        26,
        30,
        31,
        42,
        43,
        44
      ],
      "summary": {
        "covered_lines": 18,
        "num_statements": 21,
        "percent_covered": 85.71428571428571,
        "percent_covered_display": "86",
        "missing_lines": 3,
        "excluded_lines": 0,
        "num_branches": 0,
        "num_partial_branches": 0,
        "covered_branches": 0,
        "missing_branches": 0
      },
      "missing_lines": [
        27,
        28,
        32
      ],
      "excluded_lines": []
    },
    "trade_remedies_api/cases/models/casetype.py": {
      "executed_lines": [
        1,
        2,
        4,
        7,
        8,
        14,
        15,
        16,
        17,
        18,
        19,
        22,
        24,
        27,
        28,
        29,
        41,
        42,
        50,
        57,
        58
      ],
      "summary": {
        "covered_lines": 20,
        "num_statements": 27,
        "percent_covered": 64.51612903225806,
        "percent_covered_display": "65",
        "missing_lines": 7,
        "excluded_lines": 0,
        "num_branches": 4,
        "num_partial_branches": 0,
        "covered_branches": 0,
        "missing_branches": 4
      },
      "missing_lines": [
        25,
        51,
        52,
        53,
        54,
        55,
        62
      ],
      "excluded_lines": []
    },
    "trade_remedies_api/cases/models/notice.py": {
      "executed_lines": [
        1,
        3,
        4,
        6,
        9,
        10,
        11,
        12,
        13,
        14,
        17,
        18,
        20,
        23,
        26,
        27,
        30,
        32,
        38,
        53,
        60,
        61,
        62,
        64,
        69,
        70
      ],
      "summary": {
        "covered_lines": 26,
        "num_statements": 33,
        "percent_covered": 71.7948717948718,
        "percent_covered_display": "72",
        "missing_lines": 7,
        "excluded_lines": 0,
        "num_branches": 6,
        "num_partial_branches": 2,
        "covered_branches": 2,
        "missing_branches": 4
      },
      "missing_lines": [
        21,
        28,
        39,
        54,
        71,
        72,
        73
      ],
      "excluded_lines": []
    },
    "trade_remedies_api/cases/models/product.py": {
      "executed_lines": [
        1,
        2,
        3,
        4,
        5,
        11,
        12,
        13,
        15,
        18,
        19,
        23,
        24,
        26,
        29,
        30,
        34,
        35,
        36,
        50,
        51,
        52,
        53,
        54,
        55,
        57,
        59,
        62,
        63,
        72,
        86,
        97,
        98,
        99,
        101,
        102,
        104,
        107
      ],
      "summary": {
        "covered_lines": 38,
        "num_statements": 64,
        "percent_covered": 50.0,
        "percent_covered_display": "50",
        "missing_lines": 26,
        "excluded_lines": 0,
        "num_branches": 12,
        "num_partial_branches": 0,
        "covered_branches": 0,
        "missing_branches": 12
      },
      "missing_lines": [
        16,
        20,
        27,
        31,
        42,
        43,
        44,
        45,
        46,
        47,
        60,
        64,
        78,
        79,
        80,
        81,
        82,
        83,
        84,
        90,
        91,
        92,
        93,
        94,
        105,
        108
      ],
      "excluded_lines": []
    },
    "trade_remedies_api/cases/models/submission.py": {
      "executed_lines": [
        1,
        2,
        3,
        4,
        5,
        6,
        7,
        8,
        9,
        10,
        11,
        12,
        13,
        14,
        15,
        19,
        20,
        26,
        27,
        28,
        31,
        32,
        48,
        123,
        124,
        133,
        136,
        139,
        140,
        141,
        142,
        145,
        146,
        147,
        148,
        149,
        150,
        151,
        152,
        159,
        160,
        167,
        168,
        169,
        170,
        173,
        174,
        175,
        176,
        183,
        184,
        186,
        188,
        189,
        201,
        207,
        208,
        223,
        257,
        258,
        261,
        262,
        269,
        270,
        286,
        295,
        319,
        344,
        380,
        394,
        405,
        406,
        418,
        439,
        466,
        516,
        547,
        602,
        603,
        606,
        609,
        622,
        626,
        630,
        640,
        641,
        650,
        651,
        657,
        675,
        737,
        781,
        782,
        836,
        842,
        843,
        862,
        863,
        889
      ],
      "summary": {
        "covered_lines": 98,
        "num_statements": 377,
        "percent_covered": 19.639278557114228,
        "percent_covered_display": "20",
        "missing_lines": 279,
        "excluded_lines": 0,
        "num_branches": 122,
        "num_partial_branches": 0,
        "covered_branches": 0,
        "missing_branches": 122
      },
      "missing_lines": [
        33,
        34,
        35,
        36,
        67,
        69,
        70,
        80,
        81,
        82,
        83,
        84,
        85,
        86,
        87,
        97,
        98,
        99,
        102,
        103,
        105,
        106,
        107,
        108,
        119,
        120,
        202,
        203,
        204,
        205,
        215,
        216,
        217,
        218,
        219,
        220,
        221,
        224,
        225,
        226,
        228,
        231,
        236,
        237,
        239,
        240,
        241,
        242,
        246,
        249,
        250,
        254,
        255,
        259,
        263,
        264,
        265,
        266,
        267,
        280,
        291,
        292,
        293,
        302,
        308,
        309,
        312,
        313,
        317,
        325,
        326,
        329,
        330,
        331,
        332,
        339,
        340,
        341,
        342,
        351,
        353,
        354,
        355,
        356,
        358,
        359,
        360,
        361,
        363,
        368,
        369,
        376,
        377,
        378,
        386,
        387,
        388,
        389,
        390,
        391,
        392,
        395,
        396,
        399,
        400,
        403,
        410,
        411,
        416,
        430,
        431,
        432,
        433,
        436,
        437,
        453,
        454,
        455,
        456,
        457,
        458,
        459,
        460,
        461,
        462,
        463,
        464,
        467,
        481,
        482,
        485,
        487,
        488,
        489,
        494,
        514,
        517,
        518,
        519,
        522,
        545,
        548,
        549,
        550,
        551,
        552,
        553,
        554,
        560,
        562,
        563,
        569,
        604,
        607,
        610,
        611,
        612,
        613,
        619,
        620,
        623,
        624,
        627,
        628,
        634,
        635,
        636,
        637,
        638,
        642,
        643,
        644,
        645,
        648,
        655,
        661,
        662,
        663,
        671,
        695,
        696,
        697,
        698,
        699,
        700,
        701,
        702,
        703,
        721,
        722,
        723,
        729,
        730,
        731,
        732,
        733,
        734,
        735,
        743,
        744,
        745,
        746,
        747,
        748,
        749,
        751,
        752,
        767,
        768,
        769,
        775,
        777,
        778,
        779,
        788,
        790,
        791,
        792,
        793,
        794,
        795,
        796,
        797,
        798,
        799,
        800,
        801,
        802,
        803,
        804,
        805,
        806,
        807,
        808,
        809,
        810,
        811,
        812,
        813,
        814,
        815,
        817,
        818,
        819,
        820,
        821,
        822,
        824,
        828,
        829,
        830,
        831,
        832,
        833,
        834,
        837,
        838,
        839,
        840,
        849,
        850,
        851,
        852,
        853,
        856,
        857,
        858,
        859,
        860,
        868,
        869,
        870,
        877,
        878,
        881,
        882,
        893,
        902,
        903
      ],
      "excluded_lines": []
    },
    "trade_remedies_api/cases/models/submissiondocument.py": {
      "executed_lines": [
        1,
        2,
        3,
        4,
        5,
        6,
        7,
        13,
        16,
        17,
        18,
        20,
        23,
        24,
        31,
        32,
        39,
        40,
        44,
        47,
        50,
        53,
        54,
        55,
        56,
        57,
        58,
        59,
        61,
        65,
        73,
        81,
        119,
        120,
        129,
        130,
        133,
        134,
        137
      ],
      "summary": {
        "covered_lines": 38,
        "num_statements": 72,
        "percent_covered": 48.717948717948715,
        "percent_covered_display": "49",
        "missing_lines": 34,
        "excluded_lines": 0,
        "num_branches": 6,
        "num_partial_branches": 0,
        "covered_branches": 0,
        "missing_branches": 6
      },
      "missing_lines": [
        21,
        25,
        33,
        34,
        36,
        62,
        63,
        69,
        70,
        71,
        77,
        78,
        79,
        82,
        83,
        98,
        99,
        100,
        117,
        121,
        126,
        127,
        131,
        135,
        139,
        140,
        141,
        142,
        143,
        144,
        145,
        146,
        147,
        151
      ],
      "excluded_lines": []
    },
    "trade_remedies_api/cases/models/submissionstatus.py": {
      "executed_lines": [
        1,
        2,
        5,
        6,
        21,
        22,
        25,
        26,
        27,
        28,
        29,
        30,
        33,
        34,
        35,
        36,
        37,
        38,
        39,
        40,
        42,
        46,
        47,
        67,
        68,
        74,
        75
      ],
      "summary": {
        "covered_lines": 26,
        "num_statements": 31,
        "percent_covered": 83.87096774193549,
        "percent_covered_display": "84",
        "missing_lines": 5,
        "excluded_lines": 0,
        "num_branches": 0,
        "num_partial_branches": 0,
        "covered_branches": 0,
        "missing_branches": 0
      },
      "missing_lines": [
        43,
        44,
        48,
        72,
        79
      ],
      "excluded_lines": []
    },
    "trade_remedies_api/cases/models/submissiontype.py": {
      "executed_lines": [
        1,
        2,
        3,
        4,
        5,
        6,
        9,
        10,
        23,
        24,
        43,
        44,
        45,
        46,
        47,
        56,
        57,
        58,
        59,
        60,
        61,
        63,
        65,
        69,
        84,
        85,
        94,
        95,
        104,
        105,
        114,
        115,
        124,
        125,
        134,
        135,
        145,
        146,
        155,
        156,
        165,
        174,
        175
      ],
      "summary": {
        "covered_lines": 42,
        "num_statements": 91,
        "percent_covered": 43.29896907216495,
        "percent_covered_display": "43",
        "missing_lines": 49,
        "excluded_lines": 0,
        "num_branches": 6,
        "num_partial_branches": 0,
        "covered_branches": 0,
        "missing_branches": 6
      },
      "missing_lines": [
        11,
        16,
        66,
        70,
        80,
        81,
        82,
        89,
        90,
        91,
        92,
        99,
        100,
        101,
        102,
        109,
        110,
        111,
        112,
        119,
        120,
        121,
        122,
        129,
        130,
        131,
        132,
        140,
        141,
        142,
        143,
        150,
        151,
        152,
        153,
        160,
        161,
        162,
        163,
        170,
        171,
        172,
        179,
        180,
        181,
        182,
        183,
        184,
        185
      ],
      "excluded_lines": []
    },
    "trade_remedies_api/cases/models/timegate.py": {
      "executed_lines": [
        1,
        2,
        3,
        6,
        7,
        8,
        15,
        16,
        19,
        20,
        22,
        25
      ],
      "summary": {
        "covered_lines": 12,
        "num_statements": 12,
        "percent_covered": 100.0,
        "percent_covered_display": "100",
        "missing_lines": 0,
        "excluded_lines": 0,
        "num_branches": 0,
        "num_partial_branches": 0,
        "covered_branches": 0,
        "missing_branches": 0
      },
      "missing_lines": [],
      "excluded_lines": []
    },
    "trade_remedies_api/cases/models/utils.py": {
      "executed_lines": [
        1,
        2,
        3,
        4,
        5,
        8,
        9,
        17,
        18,
        19,
        22,
        23,
        27,
        28,
        36,
        37,
        41,
        42,
        43,
        46,
        49,
        50,
        58,
        59
      ],
      "summary": {
        "covered_lines": 24,
        "num_statements": 31,
        "percent_covered": 75.75757575757575,
        "percent_covered_display": "76",
        "missing_lines": 7,
        "excluded_lines": 0,
        "num_branches": 2,
        "num_partial_branches": 1,
        "covered_branches": 1,
        "missing_branches": 1
      },
      "missing_lines": [
        14,
        24,
        33,
        38,
        44,
        55,
        60
      ],
      "excluded_lines": []
    },
    "trade_remedies_api/cases/models/workflow.py": {
      "executed_lines": [
        1,
        3,
        4,
        5,
        6,
        9,
        12,
        13,
        14,
        15,
        16,
        18,
        19,
        20,
        21,
        22,
        23,
        25,
        28,
        29,
        32,
        34,
        36,
        41,
        44,
        45,
        47,
        48,
        51,
        55,
        59,
        60,
        62,
        67,
        68,
        69,
        70,
        71,
        72,
        73,
        75,
        76,
        77,
        78,
        79,
        82,
        83,
        102,
        107,
        122,
        132,
        142,
        154,
        155,
        156,
        163,
        164,
        165,
        166,
        167,
        168,
        169,
        170,
        171,
        172,
        174,
        179,
        180,
        181,
        182,
        185,
        186,
        196,
        197,
        198,
        199,
        201,
        203,
        204,
        206
      ],
      "summary": {
        "covered_lines": 79,
        "num_statements": 111,
        "percent_covered": 69.92481203007519,
        "percent_covered_display": "70",
        "missing_lines": 32,
        "excluded_lines": 0,
        "num_branches": 22,
        "num_partial_branches": 2,
        "covered_branches": 14,
        "missing_branches": 8
      },
      "missing_lines": [
        17,
        24,
        42,
        49,
        52,
        53,
        86,
        87,
        88,
        89,
        97,
        99,
        100,
        103,
        113,
        126,
        127,
        128,
        129,
        130,
        136,
        137,
        138,
        139,
        140,
        157,
        158,
        159,
        160,
        161,
        162,
        207
      ],
      "excluded_lines": []
    },
    "trade_remedies_api/cases/outcomes.py": {
      "executed_lines": [
        1,
        2,
        3,
        4,
        5,
        6,
        7,
        8,
        9,
        12,
        15,
        16,
        22,
        23,
        24,
        27,
        28,
        34,
        35,
        36,
        38,
        62,
        63,
        68,
        69,
        71,
        118,
        122,
        123,
        127,
        128,
        130,
        140,
        141,
        142,
        144,
        145,
        146,
        147,
        148,
        149,
        150,
        152,
        161,
        162,
        163,
        165,
        189,
        190,
        192,
        208,
        209,
        229,
        230,
        232,
        268,
        279,
        284,
        285,
        286,
        288,
        296,
        297,
        298,
        300,
        309,
        310,
        311,
        313,
        314,
        315,
        316,
        317,
        318,
        319,
        320,
        321,
        322,
        323,
        324,
        327,
        328,
        336,
        337,
        339,
        367,
        368,
        369,
        370,
        371,
        372,
        373,
        374,
        375,
        376,
        377,
        378
      ],
      "summary": {
        "covered_lines": 91,
        "num_statements": 212,
        "percent_covered": 35.76642335766423,
        "percent_covered_display": "36",
        "missing_lines": 121,
        "excluded_lines": 0,
        "num_branches": 62,
        "num_partial_branches": 3,
        "covered_branches": 7,
        "missing_branches": 55
      },
      "missing_lines": [
        39,
        40,
        41,
        42,
        43,
        44,
        45,
        46,
        47,
        48,
        49,
        50,
        51,
        52,
        53,
        54,
        55,
        56,
        57,
        58,
        59,
        72,
        74,
        75,
        77,
        78,
        79,
        80,
        81,
        84,
        85,
        86,
        87,
        90,
        91,
        93,
        94,
        95,
        96,
        97,
        99,
        105,
        106,
        107,
        108,
        109,
        110,
        119,
        131,
        133,
        134,
        135,
        166,
        167,
        169,
        170,
        171,
        172,
        173,
        174,
        175,
        176,
        177,
        180,
        193,
        194,
        195,
        196,
        197,
        198,
        199,
        233,
        235,
        236,
        237,
        238,
        245,
        246,
        247,
        248,
        249,
        251,
        253,
        254,
        261,
        262,
        263,
        264,
        266,
        269,
        270,
        271,
        272,
        273,
        281,
        289,
        291,
        301,
        302,
        303,
        304,
        305,
        306,
        340,
        341,
        342,
        343,
        344,
        345,
        346,
        347,
        348,
        349,
        350,
        351,
        354,
        355,
        356,
        358,
        359,
        360
      ],
      "excluded_lines": []
    },
    "trade_remedies_api/cases/receivers.py": {
      "executed_lines": [
        1,
        3,
        4,
        5,
        6,
        7,
        8,
        11,
        14,
        15,
        16,
        17,
        26,
        27,
        28,
        31,
        32,
        33,
        34,
        41,
        44,
        45,
        46,
        47,
        54,
        57,
        58,
        59,
        60,
        67
      ],
      "summary": {
        "covered_lines": 30,
        "num_statements": 36,
        "percent_covered": 83.33333333333333,
        "percent_covered_display": "83",
        "missing_lines": 6,
        "excluded_lines": 0,
        "num_branches": 0,
        "num_partial_branches": 0,
        "covered_branches": 0,
        "missing_branches": 0
      },
      "missing_lines": [
        39,
        40,
        52,
        53,
        65,
        66
      ],
      "excluded_lines": []
    },
    "trade_remedies_api/cases/services/api.py": {
      "executed_lines": [
        1,
        2,
        3,
        4,
        6,
        7,
        13,
        14,
        15,
        16,
        17,
        18,
        39,
        43,
        61,
        66,
        67,
        71,
        72,
        73,
        77,
        78,
        79,
        80,
        81,
        82,
        83,
        84,
        85,
        88,
        89,
        99,
        100,
        105,
        132,
        133,
        140,
        174,
        175,
        197,
        198,
        200,
        209,
        210,
        211,
        212,
        213,
        214,
        215,
        216,
        217,
        218,
        223,
        224,
        233,
        246,
        262,
        274,
        276,
        318,
        329,
        360,
        361,
        362,
        365,
        366,
        367,
        379,
        380,
        454,
        455,
        460,
        472,
        473,
        474,
        548,
        549,
        565,
        566,
        576,
        577,
        587,
        620,
        621,
        710,
        711,
        724,
        737,
        738,
        776,
        789,
        790,
        809,
        811,
        859,
        860,
        863,
        864,
        865,
        894,
        895,
        896,
        941,
        942,
        977,
        978,
        982,
        1032,
        1033,
        1052,
        1053,
        1057,
        1067,
        1068,
        1108,
        1109,
        1113,
        1114,
        1130,
        1131,
        1135,
        1143,
        1144,
        1324,
        1325,
        1329,
        1366,
        1367,
        1374,
        1379,
        1380,
        1389,
        1402,
        1403,
        1426,
        1427,
        1434,
        1435,
        1444,
        1456,
        1457,
        1502,
        1503,
        1507,
        1508,
        1523,
        1524,
        1528,
        1574,
        1575,
        1579,
        1580,
        1622,
        1623,
        1635,
        1636,
        1649,
        1650,
        1660,
        1661,
        1666,
        1684,
        1699,
        1700,
        1737,
        1738,
        1744,
        1828,
        1829,
        1834,
        1852,
        1853,
        1858,
        1859,
        1863,
        1881,
        1882,
        1904,
        1913,
        1914,
        1927,
        1928,
        1941
      ],
      "summary": {
        "covered_lines": 161,
        "num_statements": 917,
        "percent_covered": 13.618368962787015,
        "percent_covered_display": "14",
        "missing_lines": 756,
        "excluded_lines": 0,
        "num_branches": 346,
        "num_partial_branches": 11,
        "covered_branches": 11,
        "missing_branches": 335
      },
      "missing_lines": [
        90,
        91,
        96,
        106,
        107,
        114,
        141,
        142,
        144,
        146,
        147,
        149,
        151,
        158,
        159,
        160,
        161,
        162,
        163,
        165,
        166,
        167,
        168,
        169,
        171,
        225,
        228,
        229,
        230,
        234,
        247,
        263,
        264,
        267,
        268,
        269,
        270,
        271,
        272,
        275,
        277,
        278,
        281,
        283,
        286,
        287,
        288,
        289,
        290,
        292,
        295,
        296,
        297,
        300,
        301,
        302,
        303,
        306,
        307,
        308,
        309,
        310,
        311,
        312,
        313,
        314,
        315,
        316,
        317,
        319,
        324,
        325,
        326,
        330,
        331,
        334,
        335,
        336,
        337,
        338,
        339,
        340,
        341,
        350,
        351,
        352,
        353,
        356,
        357,
        359,
        363,
        368,
        369,
        370,
        381,
        382,
        391,
        392,
        393,
        394,
        395,
        396,
        397,
        398,
        399,
        400,
        401,
        404,
        405,
        408,
        409,
        415,
        418,
        419,
        427,
        428,
        431,
        432,
        434,
        439,
        442,
        443,
        444,
        447,
        448,
        451,
        462,
        463,
        464,
        469,
        475,
        476,
        477,
        478,
        479,
        481,
        482,
        483,
        484,
        485,
        486,
        487,
        490,
        491,
        492,
        494,
        496,
        497,
        500,
        501,
        502,
        510,
        511,
        512,
        513,
        516,
        522,
        523,
        525,
        526,
        527,
        528,
        529,
        530,
        533,
        534,
        550,
        551,
        552,
        553,
        554,
        555,
        567,
        568,
        569,
        588,
        589,
        590,
        591,
        594,
        597,
        598,
        599,
        613,
        614,
        615,
        616,
        622,
        623,
        624,
        625,
        626,
        627,
        638,
        646,
        647,
        649,
        651,
        652,
        654,
        660,
        661,
        662,
        663,
        664,
        668,
        669,
        673,
        678,
        679,
        686,
        687,
        697,
        725,
        726,
        727,
        728,
        729,
        730,
        731,
        732,
        733,
        735,
        739,
        740,
        741,
        742,
        743,
        744,
        746,
        747,
        748,
        749,
        750,
        751,
        752,
        753,
        755,
        756,
        764,
        765,
        766,
        777,
        778,
        779,
        780,
        781,
        782,
        783,
        784,
        785,
        786,
        812,
        813,
        814,
        817,
        820,
        821,
        822,
        823,
        824,
        825,
        826,
        835,
        836,
        837,
        838,
        849,
        850,
        851,
        857,
        866,
        867,
        868,
        882,
        883,
        884,
        885,
        886,
        887,
        888,
        889,
        897,
        898,
        900,
        901,
        902,
        904,
        905,
        907,
        908,
        909,
        913,
        914,
        915,
        925,
        926,
        927,
        928,
        929,
        939,
        949,
        950,
        951,
        955,
        956,
        958,
        959,
        960,
        961,
        962,
        967,
        968,
        974,
        983,
        984,
        985,
        986,
        987,
        988,
        989,
        991,
        992,
        993,
        994,
        995,
        998,
        1006,
        1016,
        1019,
        1034,
        1040,
        1041,
        1042,
        1058,
        1059,
        1060,
        1061,
        1062,
        1063,
        1064,
        1071,
        1072,
        1073,
        1074,
        1075,
        1076,
        1077,
        1078,
        1084,
        1085,
        1086,
        1090,
        1092,
        1093,
        1094,
        1095,
        1096,
        1103,
        1104,
        1105,
        1115,
        1116,
        1117,
        1120,
        1122,
        1123,
        1124,
        1125,
        1127,
        1136,
        1137,
        1138,
        1139,
        1140,
        1141,
        1153,
        1154,
        1155,
        1156,
        1157,
        1158,
        1161,
        1162,
        1163,
        1172,
        1175,
        1176,
        1177,
        1178,
        1179,
        1180,
        1181,
        1182,
        1185,
        1186,
        1187,
        1192,
        1193,
        1194,
        1195,
        1198,
        1199,
        1200,
        1209,
        1210,
        1211,
        1212,
        1213,
        1214,
        1215,
        1216,
        1217,
        1218,
        1220,
        1221,
        1223,
        1224,
        1225,
        1226,
        1231,
        1232,
        1233,
        1234,
        1235,
        1236,
        1237,
        1238,
        1239,
        1240,
        1241,
        1242,
        1245,
        1246,
        1247,
        1248,
        1249,
        1256,
        1257,
        1258,
        1259,
        1262,
        1265,
        1268,
        1276,
        1277,
        1280,
        1281,
        1284,
        1285,
        1288,
        1289,
        1290,
        1291,
        1292,
        1293,
        1301,
        1302,
        1305,
        1306,
        1307,
        1308,
        1309,
        1310,
        1311,
        1316,
        1321,
        1330,
        1331,
        1332,
        1334,
        1337,
        1339,
        1340,
        1341,
        1342,
        1345,
        1346,
        1348,
        1349,
        1351,
        1352,
        1353,
        1355,
        1357,
        1359,
        1360,
        1361,
        1375,
        1376,
        1390,
        1391,
        1392,
        1393,
        1394,
        1395,
        1396,
        1397,
        1398,
        1399,
        1400,
        1404,
        1405,
        1406,
        1408,
        1409,
        1410,
        1411,
        1412,
        1413,
        1414,
        1415,
        1416,
        1417,
        1418,
        1419,
        1420,
        1421,
        1422,
        1423,
        1428,
        1429,
        1430,
        1431,
        1445,
        1446,
        1447,
        1448,
        1449,
        1450,
        1451,
        1452,
        1458,
        1459,
        1460,
        1461,
        1462,
        1463,
        1464,
        1465,
        1466,
        1467,
        1468,
        1469,
        1470,
        1472,
        1473,
        1474,
        1475,
        1476,
        1477,
        1483,
        1484,
        1485,
        1486,
        1488,
        1493,
        1494,
        1495,
        1496,
        1499,
        1509,
        1510,
        1511,
        1512,
        1513,
        1514,
        1515,
        1516,
        1517,
        1518,
        1519,
        1520,
        1529,
        1530,
        1531,
        1532,
        1533,
        1534,
        1535,
        1536,
        1537,
        1539,
        1546,
        1547,
        1548,
        1549,
        1550,
        1551,
        1552,
        1553,
        1571,
        1590,
        1591,
        1592,
        1595,
        1596,
        1597,
        1598,
        1599,
        1600,
        1601,
        1603,
        1604,
        1605,
        1606,
        1607,
        1608,
        1610,
        1611,
        1619,
        1624,
        1625,
        1626,
        1627,
        1628,
        1629,
        1630,
        1637,
        1638,
        1641,
        1642,
        1643,
        1644,
        1651,
        1652,
        1653,
        1654,
        1655,
        1656,
        1657,
        1673,
        1674,
        1675,
        1676,
        1677,
        1678,
        1679,
        1680,
        1681,
        1682,
        1685,
        1686,
        1687,
        1688,
        1689,
        1692,
        1693,
        1694,
        1695,
        1701,
        1702,
        1703,
        1704,
        1705,
        1706,
        1708,
        1709,
        1710,
        1711,
        1713,
        1714,
        1715,
        1718,
        1719,
        1720,
        1721,
        1723,
        1724,
        1725,
        1728,
        1729,
        1730,
        1731,
        1732,
        1734,
        1745,
        1746,
        1747,
        1748,
        1749,
        1750,
        1751,
        1754,
        1758,
        1759,
        1760,
        1761,
        1762,
        1767,
        1768,
        1769,
        1772,
        1774,
        1779,
        1782,
        1787,
        1791,
        1835,
        1836,
        1841,
        1854,
        1855,
        1864,
        1865,
        1866,
        1867,
        1868,
        1869,
        1870,
        1871,
        1876,
        1883,
        1884,
        1885,
        1905,
        1906,
        1907,
        1910,
        1920,
        1921,
        1922,
        1923,
        1924,
        1929,
        1930,
        1931,
        1932,
        1933,
        1934,
        1935,
        1938,
        1939,
        1942,
        1943,
        1944,
        1945,
        1946,
        1947,
        1948,
        1949,
        1951,
        1952,
        1953,
        1954,
        1955,
        1956,
        1957,
        1958,
        1959,
        1960,
        1961,
        1962,
        1963,
        1964,
        1965
      ],
      "excluded_lines": []
    },
    "trade_remedies_api/cases/services/urls.py": {
      "executed_lines": [
        1,
        2,
        3,
        4,
        41
      ],
      "summary": {
        "covered_lines": 5,
        "num_statements": 5,
        "percent_covered": 100.0,
        "percent_covered_display": "100",
        "missing_lines": 0,
        "excluded_lines": 0,
        "num_branches": 0,
        "num_partial_branches": 0,
        "covered_branches": 0,
        "missing_branches": 0
      },
      "missing_lines": [],
      "excluded_lines": []
    },
    "trade_remedies_api/cases/tasks.py": {
      "executed_lines": [
        1,
        2,
        3,
        4,
        5,
        6,
        7,
        8,
        10,
        13,
        14,
        15,
        19,
        20,
        21,
        22,
        27,
        28,
        29,
        33,
        34,
        35,
        36,
        37,
        38,
        39,
        40,
        43,
        44
      ],
      "summary": {
        "covered_lines": 29,
        "num_statements": 37,
        "percent_covered": 67.34693877551021,
        "percent_covered_display": "67",
        "missing_lines": 8,
        "excluded_lines": 0,
        "num_branches": 12,
        "num_partial_branches": 2,
        "covered_branches": 4,
        "missing_branches": 8
      },
      "missing_lines": [
        24,
        49,
        53,
        54,
        55,
        61,
        62,
        63
      ],
      "excluded_lines": []
    },
    "trade_remedies_api/cases/views.py": {
      "executed_lines": [],
      "summary": {
        "covered_lines": 0,
        "num_statements": 0,
        "percent_covered": 100.0,
        "percent_covered_display": "100",
        "missing_lines": 0,
        "excluded_lines": 0,
        "num_branches": 0,
        "num_partial_branches": 0,
        "covered_branches": 0,
        "missing_branches": 0
      },
      "missing_lines": [],
      "excluded_lines": []
    },
    "trade_remedies_api/config/celery.py": {
      "executed_lines": [
        1,
        2,
        4,
        6,
        7,
        9
      ],
      "summary": {
        "covered_lines": 6,
        "num_statements": 6,
        "percent_covered": 100.0,
        "percent_covered_display": "100",
        "missing_lines": 0,
        "excluded_lines": 0,
        "num_branches": 0,
        "num_partial_branches": 0,
        "covered_branches": 0,
        "missing_branches": 0
      },
      "missing_lines": [],
      "excluded_lines": []
    },
    "trade_remedies_api/config/gunicorn.py": {
      "executed_lines": [],
      "summary": {
        "covered_lines": 0,
        "num_statements": 10,
        "percent_covered": 0.0,
        "percent_covered_display": "0",
        "missing_lines": 10,
        "excluded_lines": 0,
        "num_branches": 0,
        "num_partial_branches": 0,
        "covered_branches": 0,
        "missing_branches": 0
      },
      "missing_lines": [
        1,
        2,
        4,
        5,
        9,
        10,
        11,
        14,
        20,
        21
      ],
      "excluded_lines": []
    },
    "trade_remedies_api/config/middleware.py": {
      "executed_lines": [
        1,
        2,
        5,
        6,
        12,
        13,
        15,
        16,
        17,
        18,
        20,
        22,
        23,
        24,
        29,
        30,
        33
      ],
      "summary": {
        "covered_lines": 16,
        "num_statements": 22,
        "percent_covered": 63.333333333333336,
        "percent_covered_display": "63",
        "missing_lines": 6,
        "excluded_lines": 0,
        "num_branches": 8,
        "num_partial_branches": 3,
        "covered_branches": 3,
        "missing_branches": 5
      },
      "missing_lines": [
        19,
        21,
        31,
        34,
        35,
        37
      ],
      "excluded_lines": []
    },
    "trade_remedies_api/config/settings/base.py": {
      "executed_lines": [
        1,
        2,
        3,
        4,
        5,
        6,
        7,
        8,
        9,
        11,
        20,
        21,
        25,
        31,
        34,
        37,
        39,
        40,
        41,
        44,
        57,
        62,
        79,
        84,
        86,
        99,
        100,
        104,
        106,
        124,
        129,
        131,
        133,
        149,
        151,
        176,
        177,
        178,
        179,
        180,
        183,
        187,
        188,
        190,
        191,
        193,
        194,
        209,
        210,
        211,
        216,
        217,
        218,
        220,
        230,
        231,
        234,
        236,
        238,
        240,
        242,
        244,
        246,
        248,
        250,
        252,
        256,
        257,
        258,
        259,
        260,
        263,
        267,
        268,
        271,
        275,
        327,
        384,
        385,
        386,
        387,
        388,
        392,
        394,
        400,
        401,
        404,
        405,
        406,
        407,
        408,
        409,
        411,
        413,
        415,
        417,
        419,
        421,
        424,
        426,
        428,
        430,
        432,
        434,
        437,
        440,
        442,
        444,
        446,
        449,
        452,
        457,
        458,
        459,
        460,
        461,
        462,
        468,
        469,
        471,
        473,
        478,
        479
      ],
      "summary": {
        "covered_lines": 122,
        "num_statements": 132,
        "percent_covered": 88.88888888888889,
        "percent_covered_display": "89",
        "missing_lines": 10,
        "excluded_lines": 0,
        "num_branches": 12,
        "num_partial_branches": 6,
        "covered_branches": 6,
        "missing_branches": 6
      },
      "missing_lines": [
        134,
        135,
        212,
        213,
        214,
        261,
        389,
        390,
        395,
        398
      ],
      "excluded_lines": []
    },
    "trade_remedies_api/config/settings/bdd.py": {
      "executed_lines": [],
      "summary": {
        "covered_lines": 0,
        "num_statements": 3,
        "percent_covered": 0.0,
        "percent_covered_display": "0",
        "missing_lines": 3,
        "excluded_lines": 0,
        "num_branches": 0,
        "num_partial_branches": 0,
        "covered_branches": 0,
        "missing_branches": 0
      },
      "missing_lines": [
        1,
        3,
        7
      ],
      "excluded_lines": []
    },
    "trade_remedies_api/config/settings/hardening.py": {
      "executed_lines": [],
      "summary": {
        "covered_lines": 0,
        "num_statements": 10,
        "percent_covered": 0.0,
        "percent_covered_display": "0",
        "missing_lines": 10,
        "excluded_lines": 0,
        "num_branches": 0,
        "num_partial_branches": 0,
        "covered_branches": 0,
        "missing_branches": 0
      },
      "missing_lines": [
        4,
        7,
        10,
[...]
        295,
        296,
        297,
        298,
        301,
        303,
        310,
        311,
        319,
        322,
        323,
        324,
        326,
        328,
        329,
        331,
        334,
        341,
        346,
        351,
        358,
        359,
        370,
        371,
        372,
        375,
        376,
        377,
        381,
        382,
        384,
        387,
        402,
        435,
        436,
        443,
        448,
        454,
        470
      ],
      "summary": {
        "covered_lines": 123,
        "num_statements": 200,
        "percent_covered": 55.65217391304348,
        "percent_covered_display": "56",
        "missing_lines": 77,
        "excluded_lines": 0,
        "num_branches": 30,
        "num_partial_branches": 3,
        "covered_branches": 5,
        "missing_branches": 25
      },
      "missing_lines": [
        30,
        35,
        49,
        54,
        80,
        98,
        101,
        111,
        112,
        113,
        118,
        121,
        147,
        153,
        154,
        155,
        177,
        178,
        181,
        202,
        203,
        204,
        205,
        216,
        217,
        254,
        257,
        258,
        259,
        262,
        263,
        278,
        279,
        280,
        299,
        300,
        304,
        305,
        306,
        307,
        332,
        335,
        342,
        343,
        344,
        347,
        348,
        349,
        352,
        353,
        354,
        355,
        385,
        388,
        389,
        390,
        391,
        392,
        393,
        394,
        395,
        396,
        400,
        403,
        417,
        418,
        432,
        440,
        441,
        444,
        452,
        460,
        463,
        466,
        467,
        468,
        476
      ],
      "excluded_lines": []
    },
    "trade_remedies_api/security/services/api.py": {
      "executed_lines": [
        1,
        2,
        3,
        6,
        7,
        14,
        26,
        27,
        31,
        34
      ],
      "summary": {
        "covered_lines": 8,
        "num_statements": 19,
        "percent_covered": 29.62962962962963,
        "percent_covered_display": "30",
        "missing_lines": 11,
        "excluded_lines": 0,
        "num_branches": 8,
        "num_partial_branches": 0,
        "covered_branches": 0,
        "missing_branches": 8
      },
      "missing_lines": [
        15,
        16,
        17,
        18,
        19,
        20,
        21,
        22,
        23,
        32,
        35
      ],
      "excluded_lines": []
    },
    "trade_remedies_api/security/services/urls.py": {
      "executed_lines": [
        1,
        2,
        5
      ],
      "summary": {
        "covered_lines": 3,
        "num_statements": 3,
        "percent_covered": 100.0,
        "percent_covered_display": "100",
        "missing_lines": 0,
        "excluded_lines": 0,
        "num_branches": 0,
        "num_partial_branches": 0,
        "covered_branches": 0,
        "missing_branches": 0
      },
      "missing_lines": [],
      "excluded_lines": []
    },
    "trade_remedies_api/security/utils.py": {
      "executed_lines": [
        1,
        3,
        4,
        5,
        6,
        7,
        9,
        12,
        26,
        39,
        45
      ],
      "summary": {
        "covered_lines": 11,
        "num_statements": 45,
        "percent_covered": 19.29824561403509,
        "percent_covered_display": "19",
        "missing_lines": 34,
        "excluded_lines": 0,
        "num_branches": 12,
        "num_partial_branches": 0,
        "covered_branches": 0,
        "missing_branches": 12
      },
      "missing_lines": [
        19,
        20,
        21,
        22,
        23,
        31,
        32,
        33,
        34,
        35,
        40,
        41,
        42,
        46,
        47,
        48,
        53,
        54,
        55,
        56,
        57,
        58,
        59,
        60,
        61,
        62,
        63,
        64,
        65,
        66,
        67,
        68,
        69,
        70
      ],
      "excluded_lines": []
    },
    "trade_remedies_api/security/views.py": {
      "executed_lines": [],
      "summary": {
        "covered_lines": 0,
        "num_statements": 0,
        "percent_covered": 100.0,
        "percent_covered_display": "100",
        "missing_lines": 0,
        "excluded_lines": 0,
        "num_branches": 0,
        "num_partial_branches": 0,
        "covered_branches": 0,
        "missing_branches": 0
      },
      "missing_lines": [],
      "excluded_lines": []
    },
    "trade_remedies_api/tasks/admin.py": {
      "executed_lines": [
        1,
        2,
        4
      ],
      "summary": {
        "covered_lines": 3,
        "num_statements": 3,
        "percent_covered": 100.0,
        "percent_covered_display": "100",
        "missing_lines": 0,
        "excluded_lines": 0,
        "num_branches": 0,
        "num_partial_branches": 0,
        "covered_branches": 0,
        "missing_branches": 0
      },
      "missing_lines": [],
      "excluded_lines": []
    },
    "trade_remedies_api/tasks/apps.py": {
      "executed_lines": [
        1,
        4,
        5
      ],
      "summary": {
        "covered_lines": 3,
        "num_statements": 3,
        "percent_covered": 100.0,
        "percent_covered_display": "100",
        "missing_lines": 0,
        "excluded_lines": 0,
        "num_branches": 0,
        "num_partial_branches": 0,
        "covered_branches": 0,
        "missing_branches": 0
      },
      "missing_lines": [],
      "excluded_lines": []
    },
    "trade_remedies_api/tasks/models.py": {
      "executed_lines": [
        1,
        2,
        3,
        4,
        5,
        8,
        9,
        15,
        16,
        17,
        18,
        19,
        20,
        21,
        22,
        23,
        30,
        31,
        32,
        34,
        40,
        41,
        43,
        46,
        49,
        50,
        55,
        71
      ],
      "summary": {
        "covered_lines": 27,
        "num_statements": 36,
        "percent_covered": 71.05263157894737,
        "percent_covered_display": "71",
        "missing_lines": 9,
        "excluded_lines": 0,
        "num_branches": 2,
        "num_partial_branches": 0,
        "covered_branches": 0,
        "missing_branches": 2
      },
      "missing_lines": [
        44,
        47,
        51,
        52,
        53,
        59,
        60,
        69,
        72
      ],
      "excluded_lines": []
    },
    "trade_remedies_api/tasks/services/api.py": {
      "executed_lines": [
        1,
        2,
        3,
        4,
        5,
        6,
        7,
        8,
        9,
        12,
        13,
        17,
        64,
        65,
        116,
        117
      ],
      "summary": {
        "covered_lines": 15,
        "num_statements": 70,
        "percent_covered": 16.304347826086957,
        "percent_covered_display": "16",
        "missing_lines": 55,
        "excluded_lines": 0,
        "num_branches": 22,
        "num_partial_branches": 0,
        "covered_branches": 0,
        "missing_branches": 22
      },
      "missing_lines": [
        21,
        22,
        23,
        24,
        25,
        26,
        27,
        28,
        29,
        30,
        32,
        33,
        34,
        35,
        36,
        37,
        39,
        40,
        41,
        42,
        44,
        46,
        47,
        49,
        50,
        51,
        53,
        55,
        57,
        58,
        59,
        61,
        62,
        71,
        72,
        73,
        74,
        75,
        76,
        77,
        80,
        81,
        82,
        83,
        84,
        91,
        92,
        93,
        94,
        96,
        110,
        111,
        118,
        119,
        120
      ],
      "excluded_lines": []
    },
    "trade_remedies_api/tasks/services/urls.py": {
      "executed_lines": [
        1,
        2,
        4
      ],
      "summary": {
        "covered_lines": 3,
        "num_statements": 3,
        "percent_covered": 100.0,
        "percent_covered_display": "100",
        "missing_lines": 0,
        "excluded_lines": 0,
        "num_branches": 0,
        "num_partial_branches": 0,
        "covered_branches": 0,
        "missing_branches": 0
      },
      "missing_lines": [],
      "excluded_lines": []
    },
    "trade_remedies_api/tasks/tests.py": {
      "executed_lines": [
        1
      ],
      "summary": {
        "covered_lines": 0,
        "num_statements": 0,
        "percent_covered": 100.0,
        "percent_covered_display": "100",
        "missing_lines": 0,
        "excluded_lines": 0,
        "num_branches": 0,
        "num_partial_branches": 0,
        "covered_branches": 0,
        "missing_branches": 0
      },
      "missing_lines": [],
      "excluded_lines": []
    },
    "trade_remedies_api/tasks/views.py": {
      "executed_lines": [],
      "summary": {
        "covered_lines": 0,
        "num_statements": 0,
        "percent_covered": 100.0,
        "percent_covered_display": "100",
        "missing_lines": 0,
        "excluded_lines": 0,
        "num_branches": 0,
        "num_partial_branches": 0,
        "covered_branches": 0,
        "missing_branches": 0
      },
      "missing_lines": [],
      "excluded_lines": []
    },
    "trade_remedies_api/workflow/admin.py": {
      "executed_lines": [
        1,
        2,
        5,
        6,
        9
      ],
      "summary": {
        "covered_lines": 5,
        "num_statements": 5,
        "percent_covered": 100.0,
        "percent_covered_display": "100",
        "missing_lines": 0,
        "excluded_lines": 0,
        "num_branches": 0,
        "num_partial_branches": 0,
        "covered_branches": 0,
        "missing_branches": 0
      },
      "missing_lines": [],
      "excluded_lines": []
    },
    "trade_remedies_api/workflow/apps.py": {
      "executed_lines": [
        1,
        4,
        5
      ],
      "summary": {
        "covered_lines": 3,
        "num_statements": 3,
        "percent_covered": 100.0,
        "percent_covered_display": "100",
        "missing_lines": 0,
        "excluded_lines": 0,
        "num_branches": 0,
        "num_partial_branches": 0,
        "covered_branches": 0,
        "missing_branches": 0
      },
      "missing_lines": [],
      "excluded_lines": []
    },
    "trade_remedies_api/workflow/exceptions.py": {
      "executed_lines": [
        1,
        2,
        5,
        6,
        9,
        10,
        13,
        14,
        17,
        18,
        21,
        22
      ],
      "summary": {
        "covered_lines": 12,
        "num_statements": 12,
        "percent_covered": 100.0,
        "percent_covered_display": "100",
        "missing_lines": 0,
        "excluded_lines": 0,
        "num_branches": 0,
        "num_partial_branches": 0,
        "covered_branches": 0,
        "missing_branches": 0
      },
      "missing_lines": [],
      "excluded_lines": []
    },
    "trade_remedies_api/workflow/management/commands/reset_workflow_nodes.py": {
      "executed_lines": [],
      "summary": {
        "covered_lines": 0,
        "num_statements": 10,
        "percent_covered": 0.0,
        "percent_covered_display": "0",
        "missing_lines": 10,
        "excluded_lines": 0,
        "num_branches": 0,
        "num_partial_branches": 0,
        "covered_branches": 0,
        "missing_branches": 0
      },
      "missing_lines": [
        1,
        3,
        4,
        6,
        9,
        11,
        13,
        15,
        16,
        18
      ],
      "excluded_lines": []
    },
    "trade_remedies_api/workflow/models.py": {
      "executed_lines": [
        1,
        2,
        3,
        5,
        6,
        7,
        8,
        9,
        14,
        15,
        17,
        20,
        23,
        24,
        41,
        42,
        43,
        44,
        46,
        49,
        50,
        51,
        53,
        62,
        66,
        67,
        72,
        74,
        75,
        77,
        78,
        79,
        80,
        81,
        82,
        84,
        89,
        90,
        91,
        92,
        93,
        94,
        95,
        96,
        98,
        99,
        101,
        102,
        114,
        115,
        119,
        120,
        121,
        123,
        124,
        132,
        136,
        138,
        167,
        180,
        189,
        214,
        236,
        242,
        247,
        248,
        249,
        250,
        251,
        252,
        253,
        256,
        258,
        263,
        264,
        265,
        266,
        267,
        268,
        269,
        270,
        271,
        272,
        273,
        274,
        275,
        277,
        280,
        281,
        283,
        298,
        315,
        342,
        343,
        357,
        362,
        363,
        364,
        365,
        366,
        367,
        369,
        371,
        372,
        374
      ],
      "summary": {
        "covered_lines": 102,
        "num_statements": 194,
        "percent_covered": 45.018450184501845,
        "percent_covered_display": "45",
        "missing_lines": 92,
        "excluded_lines": 0,
        "num_branches": 77,
        "num_partial_branches": 4,
        "covered_branches": 20,
        "missing_branches": 57
      },
      "missing_lines": [
        47,
        54,
        63,
        107,
        108,
        109,
        110,
        111,
        112,
        128,
        129,
        130,
        144,
        145,
        146,
        163,
        165,
        168,
        169,
        170,
        171,
        172,
        173,
        174,
        175,
        176,
        177,
        178,
        181,
        182,
        183,
        184,
        185,
        186,
        187,
        197,
        198,
        199,
        200,
        201,
        203,
        204,
        207,
        208,
        209,
        211,
        212,
        218,
        220,
        221,
        222,
        223,
        224,
        225,
        227,
        228,
        229,
        230,
        231,
        232,
        233,
        234,
        240,
        255,
        289,
        290,
        291,
        293,
        294,
        295,
        296,
        304,
        305,
        307,
        308,
        309,
        310,
        311,
        312,
        313,
        320,
        321,
        327,
        328,
        329,
        330,
        335,
        336,
        337,
        338,
        339,
        375
      ],
      "excluded_lines": []
    },
    "trade_remedies_api/workflow/outcomes.py": {
      "executed_lines": [
        1,
        130,
        131,
        132,
        133,
        134,
        136,
        139,
        142,
        145,
        146,
        147,
        150,
        165,
        177,
        178,
        179,
        181,
        182,
        183,
        184,
        187,
        188,
        190,
        191,
        192,
        193,
        194,
        195,
        196,
        197,
        198,
        199,
        200,
        201,
        202,
        203,
        204,
        205,
        207,
        208,
        210,
        211,
        213,
        214,
        215,
        217,
        218,
        221,
        222,
        224,
        226,
        230,
        231,
        234,
        235,
        236,
        237,
        238,
        240,
        244,
        245,
        246,
        249,
        250,
        252,
        265,
        269,
        270,
        276,
        277,
        278,
        280,
        285,
        287,
        293,
        294,
        298,
        299,
        300,
        301,
        302,
        303,
        304,
        305,
        306,
        308,
        309,
        310,
        311,
        312,
        313,
        314,
        315,
        316,
        317,
        318,
        320,
        321,
        322,
        323,
        324,
        325,
        326,
        327,
        328,
        329,
        330,
        331,
        333,
        337,
        339,
        342,
        346,
        348,
        349,
        351
      ],
      "summary": {
        "covered_lines": 116,
        "num_statements": 140,
        "percent_covered": 76.47058823529412,
        "percent_covered_display": "76",
        "missing_lines": 24,
        "excluded_lines": 0,
        "num_branches": 64,
        "num_partial_branches": 8,
        "covered_branches": 40,
        "missing_branches": 24
      },
      "missing_lines": [
        154,
        155,
        156,
        157,
        158,
        159,
        160,
        161,
        162,
        169,
        170,
        171,
        186,
        219,
        220,
        233,
        256,
        257,
        261,
        262,
        263,
        295,
        340,
        352
      ],
      "excluded_lines": []
    },
    "trade_remedies_api/workflow/response_types.py": {
      "executed_lines": [
        8
      ],
      "summary": {
        "covered_lines": 1,
        "num_statements": 1,
        "percent_covered": 100.0,
        "percent_covered_display": "100",
        "missing_lines": 0,
        "excluded_lines": 0,
        "num_branches": 0,
        "num_partial_branches": 0,
        "covered_branches": 0,
        "missing_branches": 0
      },
      "missing_lines": [],
      "excluded_lines": []
    },
    "trade_remedies_api/workflow/services/api.py": {
      "executed_lines": [
        1,
        2,
        3,
        6,
        7,
        15
      ],
      "summary": {
        "covered_lines": 6,
        "num_statements": 24,
        "percent_covered": 20.0,
        "percent_covered_display": "20",
        "missing_lines": 18,
        "excluded_lines": 0,
        "num_branches": 6,
        "num_partial_branches": 0,
        "covered_branches": 0,
        "missing_branches": 6
      },
      "missing_lines": [
        8,
        9,
        10,
        12,
        13,
        16,
        17,
        19,
        22,
        23,
        24,
        25,
        27,
        28,
        29,
        30,
        31,
        32
      ],
      "excluded_lines": []
    },
    "trade_remedies_api/workflow/services/urls.py": {
      "executed_lines": [
        1,
        2,
        5
      ],
      "summary": {
        "covered_lines": 3,
        "num_statements": 3,
        "percent_covered": 100.0,
        "percent_covered_display": "100",
        "missing_lines": 0,
        "excluded_lines": 0,
        "num_branches": 0,
        "num_partial_branches": 0,
        "covered_branches": 0,
        "missing_branches": 0
      },
      "missing_lines": [],
      "excluded_lines": []
    },
    "trade_remedies_api/workflow/templatetags/workflow_select.py": {
      "executed_lines": [
        1,
        2,
        10,
        11
      ],
      "summary": {
        "covered_lines": 4,
        "num_statements": 14,
        "percent_covered": 25.0,
        "percent_covered_display": "25",
        "missing_lines": 10,
        "excluded_lines": 0,
        "num_branches": 2,
        "num_partial_branches": 0,
        "covered_branches": 0,
        "missing_branches": 2
      },
      "missing_lines": [
        13,
        14,
        15,
        16,
        17,
        18,
        19,
        20,
        23,
        24
      ],
      "excluded_lines": []
    }
  },
  "totals": {
    "covered_lines": 4268,
    "num_statements": 9902,
    "percent_covered": 37.44230463154544,
    "percent_covered_display": "37",
    "missing_lines": 5634,
    "excluded_lines": 0,
    "num_branches": 2664,
    "num_partial_branches": 165,
    "covered_branches": 437,
    "missing_branches": 2227
  }
}